# JRE version: OpenJDK Runtime Environment (8.0_272-b10) (build 1.8.0_272-8u272-b10-0ubuntu1~16.04-b10)
# Java VM: OpenJDK 64-Bit Server VM (25.272-b10 mixed mode linux-amd64 compressed oops)
Heap:
 PSYoungGen      total 356352K, used 0K [0x000000076ab00000, 0x0000000791680000, 0x00000007c0000000)
  eden space 83968K, 0% used [0x000000076ab00000,0x000000076ab00000,0x000000076fd00000)
  from space 272384K, 0% used [0x000000076fd00000,0x000000076fd00000,0x0000000780700000)
  to   space 270336K, 0% used [0x0000000780e80000,0x0000000780e80000,0x0000000791680000)
 ParOldGen       total 1712640K, used 1700708K [0x00000006c0000000, 0x0000000728880000, 0x000000076ab00000)
  object space 1712640K, 99% used [0x00000006c0000000,0x0000000727cd9258,0x0000000728880000)
 Metaspace       used 9006K, capacity 9306K, committed 9344K, reserved 1056768K
  class space    used 1003K, capacity 1120K, committed 1152K, reserved 1048576K
GC Heap History (10 events):
Event: 27.797 GC heap after
Heap after GC invocations=36 (full 8):
 PSYoungGen      total 311296K, used 115552K [0x000000076ab00000, 0x0000000789500000, 0x00000007c0000000)
  eden space 125440K, 0% used [0x000000076ab00000,0x000000076ab00000,0x0000000772580000)
  from space 185856K, 62% used [0x000000077dc00000,0x0000000784cd8000,0x0000000789180000)
  to   space 186880K, 0% used [0x0000000772580000,0x0000000772580000,0x000000077dc00000)
 ParOldGen       total 1203200K, used 1038438K [0x00000006c0000000, 0x0000000709700000, 0x000000076ab00000)
  object space 1203200K, 86% used [0x00000006c0000000,0x00000006ff619890,0x0000000709700000)
 Metaspace       used 8928K, capacity 9276K, committed 9344K, reserved 1056768K
  class space    used 997K, capacity 1115K, committed 1152K, reserved 1048576K
}
Event: 28.108 GC heap before
{Heap before GC invocations=37 (full 8):
 PSYoungGen      total 311296K, used 240992K [0x000000076ab00000, 0x0000000789500000, 0x00000007c0000000)
  eden space 125440K, 100% used [0x000000076ab00000,0x0000000772580000,0x0000000772580000)
  from space 185856K, 62% used [0x000000077dc00000,0x0000000784cd8000,0x0000000789180000)
  to   space 186880K, 0% used [0x0000000772580000,0x0000000772580000,0x000000077dc00000)
 ParOldGen       total 1203200K, used 1038438K [0x00000006c0000000, 0x0000000709700000, 0x000000076ab00000)
  object space 1203200K, 86% used [0x00000006c0000000,0x00000006ff619890,0x0000000709700000)
 Metaspace       used 8928K, capacity 9276K, committed 9344K, reserved 1056768K
  class space    used 997K, capacity 1115K, committed 1152K, reserved 1048576K
Event: 28.481 GC heap after
Heap after GC invocations=37 (full 8):
 PSYoungGen      total 312320K, used 180640K [0x000000076ab00000, 0x000000078d580000, 0x00000007c0000000)
  eden space 125440K, 0% used [0x000000076ab00000,0x000000076ab00000,0x0000000772580000)
  from space 186880K, 96% used [0x0000000772580000,0x000000077d5e8000,0x000000077dc00000)
  to   space 211456K, 0% used [0x0000000780700000,0x0000000780700000,0x000000078d580000)
 ParOldGen       total 1203200K, used 1038438K [0x00000006c0000000, 0x0000000709700000, 0x000000076ab00000)
  object space 1203200K, 86% used [0x00000006c0000000,0x00000006ff619890,0x0000000709700000)
 Metaspace       used 8928K, capacity 9276K, committed 9344K, reserved 1056768K
  class space    used 997K, capacity 1115K, committed 1152K, reserved 1048576K
}
Event: 30.025 GC heap before
{Heap before GC invocations=38 (full 8):
 PSYoungGen      total 312320K, used 306080K [0x000000076ab00000, 0x000000078d580000, 0x00000007c0000000)
  eden space 125440K, 100% used [0x000000076ab00000,0x0000000772580000,0x0000000772580000)
  from space 186880K, 96% used [0x0000000772580000,0x000000077d5e8000,0x000000077dc00000)
  to   space 211456K, 0% used [0x0000000780700000,0x0000000780700000,0x000000078d580000)
 ParOldGen       total 1203200K, used 1038438K [0x00000006c0000000, 0x0000000709700000, 0x000000076ab00000)
  object space 1203200K, 86% used [0x00000006c0000000,0x00000006ff619890,0x0000000709700000)
 Metaspace       used 9006K, capacity 9306K, committed 9344K, reserved 1056768K
  class space    used 1003K, capacity 1120K, committed 1152K, reserved 1048576K
Event: 30.335 GC heap after
Heap after GC invocations=38 (full 8):
 PSYoungGen      total 295424K, used 211455K [0x000000076ab00000, 0x0000000794980000, 0x00000007c0000000)
  eden space 83968K, 0% used [0x000000076ab00000,0x000000076ab00000,0x000000076fd00000)
  from space 211456K, 99% used [0x0000000780700000,0x000000078d57ff20,0x000000078d580000)
  to   space 272384K, 0% used [0x000000076fd00000,0x000000076fd00000,0x0000000780700000)
 ParOldGen       total 1203200K, used 1119433K [0x00000006c0000000, 0x0000000709700000, 0x000000076ab00000)
  object space 1203200K, 93% used [0x00000006c0000000,0x00000007045324a0,0x0000000709700000)
 Metaspace       used 9006K, capacity 9306K, committed 9344K, reserved 1056768K
  class space    used 1003K, capacity 1120K, committed 1152K, reserved 1048576K
}
Event: 30.335 GC heap before
{Heap before GC invocations=39 (full 9):
 PSYoungGen      total 295424K, used 211455K [0x000000076ab00000, 0x0000000794980000, 0x00000007c0000000)
  eden space 83968K, 0% used [0x000000076ab00000,0x000000076ab00000,0x000000076fd00000)
  from space 211456K, 99% used [0x0000000780700000,0x000000078d57ff20,0x000000078d580000)
  to   space 272384K, 0% used [0x000000076fd00000,0x000000076fd00000,0x0000000780700000)
 ParOldGen       total 1203200K, used 1119433K [0x00000006c0000000, 0x0000000709700000, 0x000000076ab00000)
  object space 1203200K, 93% used [0x00000006c0000000,0x00000007045324a0,0x0000000709700000)
 Metaspace       used 9006K, capacity 9306K, committed 9344K, reserved 1056768K
  class space    used 1003K, capacity 1120K, committed 1152K, reserved 1048576K
Event: 36.166 GC heap after
Heap after GC invocations=39 (full 9):
 PSYoungGen      total 295424K, used 126869K [0x000000076ab00000, 0x0000000794980000, 0x00000007c0000000)
  eden space 83968K, 0% used [0x000000076ab00000,0x000000076ab00000,0x000000076fd00000)
  from space 211456K, 59% used [0x0000000780700000,0x00000007882e5598,0x000000078d580000)
  to   space 272384K, 0% used [0x000000076fd00000,0x000000076fd00000,0x0000000780700000)
 ParOldGen       total 1531904K, used 1203192K [0x00000006c0000000, 0x000000071d800000, 0x000000076ab00000)
  object space 1531904K, 78% used [0x00000006c0000000,0x00000007096fe2e8,0x000000071d800000)
 Metaspace       used 9006K, capacity 9306K, committed 9344K, reserved 1056768K
  class space    used 1003K, capacity 1120K, committed 1152K, reserved 1048576K
}
Event: 37.139 GC heap before
{Heap before GC invocations=40 (full 9):
 PSYoungGen      total 295424K, used 210837K [0x000000076ab00000, 0x0000000794980000, 0x00000007c0000000)
  eden space 83968K, 100% used [0x000000076ab00000,0x000000076fd00000,0x000000076fd00000)
  from space 211456K, 59% used [0x0000000780700000,0x00000007882e5598,0x000000078d580000)
  to   space 272384K, 0% used [0x000000076fd00000,0x000000076fd00000,0x0000000780700000)
 ParOldGen       total 1531904K, used 1203192K [0x00000006c0000000, 0x000000071d800000, 0x000000076ab00000)
  object space 1531904K, 78% used [0x00000006c0000000,0x00000007096fe2e8,0x000000071d800000)
 Metaspace       used 9006K, capacity 9306K, committed 9344K, reserved 1056768K
  class space    used 1003K, capacity 1120K, committed 1152K, reserved 1048576K
Event: 37.585 GC heap after
Heap after GC invocations=40 (full 9):
 PSYoungGen      total 356352K, used 154016K [0x000000076ab00000, 0x0000000791680000, 0x00000007c0000000)
  eden space 83968K, 0% used [0x000000076ab00000,0x000000076ab00000,0x000000076fd00000)
  from space 272384K, 56% used [0x000000076fd00000,0x0000000779368000,0x0000000780700000)
  to   space 270336K, 0% used [0x0000000780e80000,0x0000000780e80000,0x0000000791680000)
 ParOldGen       total 1531904K, used 1260552K [0x00000006c0000000, 0x000000071d800000, 0x000000076ab00000)
  object space 1531904K, 82% used [0x00000006c0000000,0x000000070cf022e8,0x000000071d800000)
 Metaspace       used 9006K, capacity 9306K, committed 9344K, reserved 1056768K
  class space    used 1003K, capacity 1120K, committed 1152K, reserved 1048576K
}
Event: 38.722 GC heap before
{Heap before GC invocations=41 (full 10):
 PSYoungGen      total 356352K, used 237984K [0x000000076ab00000, 0x0000000791680000, 0x00000007c0000000)
  eden space 83968K, 100% used [0x000000076ab00000,0x000000076fd00000,0x000000076fd00000)
  from space 272384K, 56% used [0x000000076fd00000,0x0000000779368000,0x0000000780700000)
  to   space 270336K, 0% used [0x0000000780e80000,0x0000000780e80000,0x0000000791680000)
 ParOldGen       total 1712640K, used 1666056K [0x00000006c0000000, 0x0000000728880000, 0x000000076ab00000)
  object space 1712640K, 97% used [0x00000006c0000000,0x0000000725b02318,0x0000000728880000)
 Metaspace       used 9006K, capacity 9306K, committed 9344K, reserved 1056768K
  class space    used 1003K, capacity 1120K, committed 1152K, reserved 1048576K

