# JRE version: OpenJDK Runtime Environment (8.0_272-b10) (build 1.8.0_272-8u272-b10-0ubuntu1~16.04-b10)
# Java VM: OpenJDK 64-Bit Server VM (25.272-b10 mixed mode linux-amd64 compressed oops)
Heap:
 PSYoungGen      total 411648K, used 106425K [0x000000076ab00000, 0x000000079e180000, 0x00000007c0000000)
  eden space 116736K, 0% used [0x000000076ab00000,0x000000076ab00000,0x0000000771d00000)
  from space 294912K, 36% used [0x0000000786880000,0x000000078d06e510,0x0000000798880000)
  to   space 339456K, 0% used [0x0000000771d00000,0x0000000771d00000,0x0000000786880000)
 ParOldGen       total 927232K, used 927072K [0x00000006c0000000, 0x00000006f8980000, 0x000000076ab00000)
  object space 927232K, 99% used [0x00000006c0000000,0x00000006f8958190,0x00000006f8980000)
 Metaspace       used 8935K, capacity 9276K, committed 9344K, reserved 1056768K
  class space    used 997K, capacity 1115K, committed 1152K, reserved 1048576K
GC Heap History (10 events):
Event: 14.317 GC heap after
Heap after GC invocations=21 (full 5):
 PSYoungGen      total 359936K, used 43996K [0x000000076ab00000, 0x000000078f000000, 0x00000007c0000000)
  eden space 141312K, 0% used [0x000000076ab00000,0x000000076ab00000,0x0000000773500000)
  from space 218624K, 20% used [0x0000000781a80000,0x00000007845772e0,0x000000078f000000)
  to   space 226816K, 0% used [0x0000000773500000,0x0000000773500000,0x0000000781280000)
 ParOldGen       total 927232K, used 611787K [0x00000006c0000000, 0x00000006f8980000, 0x000000076ab00000)
  object space 927232K, 65% used [0x00000006c0000000,0x00000006e5572f18,0x00000006f8980000)
 Metaspace       used 8935K, capacity 9276K, committed 9344K, reserved 1056768K
  class space    used 997K, capacity 1115K, committed 1152K, reserved 1048576K
}
Event: 14.726 GC heap before
{Heap before GC invocations=22 (full 5):
 PSYoungGen      total 359936K, used 185308K [0x000000076ab00000, 0x000000078f000000, 0x00000007c0000000)
  eden space 141312K, 100% used [0x000000076ab00000,0x0000000773500000,0x0000000773500000)
  from space 218624K, 20% used [0x0000000781a80000,0x00000007845772e0,0x000000078f000000)
  to   space 226816K, 0% used [0x0000000773500000,0x0000000773500000,0x0000000781280000)
 ParOldGen       total 927232K, used 611787K [0x00000006c0000000, 0x00000006f8980000, 0x000000076ab00000)
  object space 927232K, 65% used [0x00000006c0000000,0x00000006e5572f18,0x00000006f8980000)
 Metaspace       used 8935K, capacity 9276K, committed 9344K, reserved 1056768K
  class space    used 997K, capacity 1115K, committed 1152K, reserved 1048576K
Event: 15.003 GC heap after
Heap after GC invocations=22 (full 5):
 PSYoungGen      total 368128K, used 117536K [0x000000076ab00000, 0x000000078fa80000, 0x00000007c0000000)
  eden space 141312K, 0% used [0x000000076ab00000,0x000000076ab00000,0x0000000773500000)
  from space 226816K, 51% used [0x0000000773500000,0x000000077a7c8000,0x0000000781280000)
  to   space 221696K, 0% used [0x0000000782200000,0x0000000782200000,0x000000078fa80000)
 ParOldGen       total 927232K, used 611787K [0x00000006c0000000, 0x00000006f8980000, 0x000000076ab00000)
  object space 927232K, 65% used [0x00000006c0000000,0x00000006e5572f18,0x00000006f8980000)
 Metaspace       used 8935K, capacity 9276K, committed 9344K, reserved 1056768K
  class space    used 997K, capacity 1115K, committed 1152K, reserved 1048576K
}
Event: 15.396 GC heap before
{Heap before GC invocations=23 (full 5):
 PSYoungGen      total 368128K, used 258848K [0x000000076ab00000, 0x000000078fa80000, 0x00000007c0000000)
  eden space 141312K, 100% used [0x000000076ab00000,0x0000000773500000,0x0000000773500000)
  from space 226816K, 51% used [0x0000000773500000,0x000000077a7c8000,0x0000000781280000)
  to   space 221696K, 0% used [0x0000000782200000,0x0000000782200000,0x000000078fa80000)
 ParOldGen       total 927232K, used 792011K [0x00000006c0000000, 0x00000006f8980000, 0x000000076ab00000)
  object space 927232K, 85% used [0x00000006c0000000,0x00000006f0572f38,0x00000006f8980000)
 Metaspace       used 8935K, capacity 9276K, committed 9344K, reserved 1056768K
  class space    used 997K, capacity 1115K, committed 1152K, reserved 1048576K
Event: 15.779 GC heap after
Heap after GC invocations=23 (full 5):
 PSYoungGen      total 357888K, used 201792K [0x000000076ab00000, 0x0000000793080000, 0x00000007c0000000)
  eden space 136192K, 0% used [0x000000076ab00000,0x000000076ab00000,0x0000000773000000)
  from space 221696K, 91% used [0x0000000782200000,0x000000078e710010,0x000000078fa80000)
  to   space 247808K, 0% used [0x0000000773000000,0x0000000773000000,0x0000000782200000)
 ParOldGen       total 927232K, used 792011K [0x00000006c0000000, 0x00000006f8980000, 0x000000076ab00000)
  object space 927232K, 85% used [0x00000006c0000000,0x00000006f0572f38,0x00000006f8980000)
 Metaspace       used 8935K, capacity 9276K, committed 9344K, reserved 1056768K
  class space    used 997K, capacity 1115K, committed 1152K, reserved 1048576K
}
Event: 16.191 GC heap before
{Heap before GC invocations=24 (full 5):
 PSYoungGen      total 357888K, used 337984K [0x000000076ab00000, 0x0000000793080000, 0x00000007c0000000)
  eden space 136192K, 100% used [0x000000076ab00000,0x0000000773000000,0x0000000773000000)
  from space 221696K, 91% used [0x0000000782200000,0x000000078e710010,0x000000078fa80000)
  to   space 247808K, 0% used [0x0000000773000000,0x0000000773000000,0x0000000782200000)
 ParOldGen       total 927232K, used 792011K [0x00000006c0000000, 0x00000006f8980000, 0x000000076ab00000)
  object space 927232K, 85% used [0x00000006c0000000,0x00000006f0572f38,0x00000006f8980000)
 Metaspace       used 8935K, capacity 9276K, committed 9344K, reserved 1056768K
  class space    used 997K, capacity 1115K, committed 1152K, reserved 1048576K
Event: 16.665 GC heap after
Heap after GC invocations=24 (full 5):
 PSYoungGen      total 384000K, used 247776K [0x000000076ab00000, 0x0000000798880000, 0x00000007c0000000)
  eden space 136192K, 0% used [0x000000076ab00000,0x000000076ab00000,0x0000000773000000)
  from space 247808K, 99% used [0x0000000773000000,0x00000007821f8010,0x0000000782200000)
  to   space 294912K, 0% used [0x0000000786880000,0x0000000786880000,0x0000000798880000)
 ParOldGen       total 927232K, used 816731K [0x00000006c0000000, 0x00000006f8980000, 0x000000076ab00000)
  object space 927232K, 88% used [0x00000006c0000000,0x00000006f1d96f38,0x00000006f8980000)
 Metaspace       used 8935K, capacity 9276K, committed 9344K, reserved 1056768K
  class space    used 997K, capacity 1115K, committed 1152K, reserved 1048576K
}
Event: 17.076 GC heap before
{Heap before GC invocations=25 (full 5):
 PSYoungGen      total 384000K, used 383968K [0x000000076ab00000, 0x0000000798880000, 0x00000007c0000000)
  eden space 136192K, 100% used [0x000000076ab00000,0x0000000773000000,0x0000000773000000)
  from space 247808K, 99% used [0x0000000773000000,0x00000007821f8010,0x0000000782200000)
  to   space 294912K, 0% used [0x0000000786880000,0x0000000786880000,0x0000000798880000)
 ParOldGen       total 927232K, used 816731K [0x00000006c0000000, 0x00000006f8980000, 0x000000076ab00000)
  object space 927232K, 88% used [0x00000006c0000000,0x00000006f1d96f38,0x00000006f8980000)
 Metaspace       used 8935K, capacity 9276K, committed 9344K, reserved 1056768K
  class space    used 997K, capacity 1115K, committed 1152K, reserved 1048576K
Event: 17.584 GC heap after
Heap after GC invocations=25 (full 5):
 PSYoungGen      total 411648K, used 290976K [0x000000076ab00000, 0x000000079e180000, 0x00000007c0000000)
  eden space 116736K, 0% used [0x000000076ab00000,0x000000076ab00000,0x0000000771d00000)
  from space 294912K, 98% used [0x0000000786880000,0x00000007984a8010,0x0000000798880000)
  to   space 339456K, 0% used [0x0000000771d00000,0x0000000771d00000,0x0000000786880000)
 ParOldGen       total 927232K, used 844507K [0x00000006c0000000, 0x00000006f8980000, 0x000000076ab00000)
  object space 927232K, 91% used [0x00000006c0000000,0x00000006f38b6f38,0x00000006f8980000)
 Metaspace       used 8935K, capacity 9276K, committed 9344K, reserved 1056768K
  class space    used 997K, capacity 1115K, committed 1152K, reserved 1048576K
}
Event: 17.584 GC heap before
{Heap before GC invocations=26 (full 6):
 PSYoungGen      total 411648K, used 290976K [0x000000076ab00000, 0x000000079e180000, 0x00000007c0000000)
  eden space 116736K, 0% used [0x000000076ab00000,0x000000076ab00000,0x0000000771d00000)
  from space 294912K, 98% used [0x0000000786880000,0x00000007984a8010,0x0000000798880000)
  to   space 339456K, 0% used [0x0000000771d00000,0x0000000771d00000,0x0000000786880000)
 ParOldGen       total 927232K, used 844507K [0x00000006c0000000, 0x00000006f8980000, 0x000000076ab00000)
  object space 927232K, 91% used [0x00000006c0000000,0x00000006f38b6f38,0x00000006f8980000)
 Metaspace       used 8935K, capacity 9276K, committed 9344K, reserved 1056768K
  class space    used 997K, capacity 1115K, committed 1152K, reserved 1048576K

