# JRE version: OpenJDK Runtime Environment (8.0_272-b10) (build 1.8.0_272-8u272-b10-0ubuntu1~16.04-b10)
# Java VM: OpenJDK 64-Bit Server VM (25.272-b10 mixed mode linux-amd64 compressed oops)
Heap:
 PSYoungGen      total 360448K, used 105146K [0x000000076ab00000, 0x0000000792f80000, 0x00000007c0000000)
  eden space 89600K, 0% used [0x000000076ab00000,0x000000076ab00000,0x0000000770280000)
  from space 270848K, 38% used [0x0000000781400000,0x0000000787aae840,0x0000000791c80000)
  to   space 280064K, 0% used [0x0000000770280000,0x0000000770280000,0x0000000781400000)
 ParOldGen       total 1083392K, used 1083360K [0x00000006c0000000, 0x0000000702200000, 0x000000076ab00000)
  object space 1083392K, 99% used [0x00000006c0000000,0x00000007021f81f0,0x0000000702200000)
 Metaspace       used 8926K, capacity 9276K, committed 9344K, reserved 1056768K
  class space    used 997K, capacity 1115K, committed 1152K, reserved 1048576K
GC Heap History (10 events):
Event: 43.936 GC heap after
Heap after GC invocations=31 (full 7):
 PSYoungGen      total 264192K, used 140864K [0x000000076ab00000, 0x0000000787b00000, 0x00000007c0000000)
  eden space 94208K, 0% used [0x000000076ab00000,0x000000076ab00000,0x0000000770700000)
  from space 169984K, 82% used [0x000000077ba00000,0x0000000784390000,0x0000000786000000)
  to   space 183296K, 0% used [0x0000000770700000,0x0000000770700000,0x000000077ba00000)
 ParOldGen       total 1083392K, used 862434K [0x00000006c0000000, 0x0000000702200000, 0x000000076ab00000)
  object space 1083392K, 79% used [0x00000006c0000000,0x00000006f4a38a18,0x0000000702200000)
 Metaspace       used 8926K, capacity 9276K, committed 9344K, reserved 1056768K
  class space    used 997K, capacity 1115K, committed 1152K, reserved 1048576K
}
Event: 44.171 GC heap before
{Heap before GC invocations=32 (full 7):
 PSYoungGen      total 264192K, used 235072K [0x000000076ab00000, 0x0000000787b00000, 0x00000007c0000000)
  eden space 94208K, 100% used [0x000000076ab00000,0x0000000770700000,0x0000000770700000)
  from space 169984K, 82% used [0x000000077ba00000,0x0000000784390000,0x0000000786000000)
  to   space 183296K, 0% used [0x0000000770700000,0x0000000770700000,0x000000077ba00000)
 ParOldGen       total 1083392K, used 862434K [0x00000006c0000000, 0x0000000702200000, 0x000000076ab00000)
  object space 1083392K, 79% used [0x00000006c0000000,0x00000006f4a38a18,0x0000000702200000)
 Metaspace       used 8926K, capacity 9276K, committed 9344K, reserved 1056768K
  class space    used 997K, capacity 1115K, committed 1152K, reserved 1048576K
Event: 44.567 GC heap after
Heap after GC invocations=32 (full 7):
 PSYoungGen      total 277504K, used 183296K [0x000000076ab00000, 0x000000078b200000, 0x00000007c0000000)
  eden space 94208K, 0% used [0x000000076ab00000,0x000000076ab00000,0x0000000770700000)
  from space 183296K, 100% used [0x0000000770700000,0x000000077ba00000,0x000000077ba00000)
  to   space 211456K, 0% used [0x000000077e380000,0x000000077e380000,0x000000078b200000)
 ParOldGen       total 1083392K, used 868866K [0x00000006c0000000, 0x0000000702200000, 0x000000076ab00000)
  object space 1083392K, 80% used [0x00000006c0000000,0x00000006f5080a18,0x0000000702200000)
 Metaspace       used 8926K, capacity 9276K, committed 9344K, reserved 1056768K
  class space    used 997K, capacity 1115K, committed 1152K, reserved 1048576K
}
Event: 44.836 GC heap before
{Heap before GC invocations=33 (full 7):
 PSYoungGen      total 277504K, used 277504K [0x000000076ab00000, 0x000000078b200000, 0x00000007c0000000)
  eden space 94208K, 100% used [0x000000076ab00000,0x0000000770700000,0x0000000770700000)
  from space 183296K, 100% used [0x0000000770700000,0x000000077ba00000,0x000000077ba00000)
  to   space 211456K, 0% used [0x000000077e380000,0x000000077e380000,0x000000078b200000)
 ParOldGen       total 1083392K, used 868866K [0x00000006c0000000, 0x0000000702200000, 0x000000076ab00000)
  object space 1083392K, 80% used [0x00000006c0000000,0x00000006f5080a18,0x0000000702200000)
 Metaspace       used 8926K, capacity 9276K, committed 9344K, reserved 1056768K
  class space    used 997K, capacity 1115K, committed 1152K, reserved 1048576K
Event: 45.355 GC heap after
Heap after GC invocations=33 (full 7):
 PSYoungGen      total 295936K, used 193184K [0x000000076ab00000, 0x000000078e180000, 0x00000007c0000000)
  eden space 84480K, 0% used [0x000000076ab00000,0x000000076ab00000,0x000000076fd80000)
  from space 211456K, 91% used [0x000000077e380000,0x000000078a028000,0x000000078b200000)
  to   space 235520K, 0% used [0x000000076fd80000,0x000000076fd80000,0x000000077e380000)
 ParOldGen       total 1083392K, used 908162K [0x00000006c0000000, 0x0000000702200000, 0x000000076ab00000)
  object space 1083392K, 83% used [0x00000006c0000000,0x00000006f76e0a18,0x0000000702200000)
 Metaspace       used 8926K, capacity 9276K, committed 9344K, reserved 1056768K
  class space    used 997K, capacity 1115K, committed 1152K, reserved 1048576K
}
Event: 45.668 GC heap before
{Heap before GC invocations=34 (full 7):
 PSYoungGen      total 295936K, used 277664K [0x000000076ab00000, 0x000000078e180000, 0x00000007c0000000)
  eden space 84480K, 100% used [0x000000076ab00000,0x000000076fd80000,0x000000076fd80000)
  from space 211456K, 91% used [0x000000077e380000,0x000000078a028000,0x000000078b200000)
  to   space 235520K, 0% used [0x000000076fd80000,0x000000076fd80000,0x000000077e380000)
 ParOldGen       total 1083392K, used 908162K [0x00000006c0000000, 0x0000000702200000, 0x000000076ab00000)
  object space 1083392K, 83% used [0x00000006c0000000,0x00000006f76e0a18,0x0000000702200000)
 Metaspace       used 8926K, capacity 9276K, committed 9344K, reserved 1056768K
  class space    used 997K, capacity 1115K, committed 1152K, reserved 1048576K
Event: 46.187 GC heap after
Heap after GC invocations=34 (full 7):
 PSYoungGen      total 320000K, used 235520K [0x000000076ab00000, 0x0000000791c80000, 0x00000007c0000000)
  eden space 84480K, 0% used [0x000000076ab00000,0x000000076ab00000,0x000000076fd80000)
  from space 235520K, 100% used [0x000000076fd80000,0x000000077e380000,0x000000077e380000)
  to   space 270848K, 0% used [0x0000000781400000,0x0000000781400000,0x0000000791c80000)
 ParOldGen       total 1083392K, used 909618K [0x00000006c0000000, 0x0000000702200000, 0x000000076ab00000)
  object space 1083392K, 83% used [0x00000006c0000000,0x00000006f784ca18,0x0000000702200000)
 Metaspace       used 8926K, capacity 9276K, committed 9344K, reserved 1056768K
  class space    used 997K, capacity 1115K, committed 1152K, reserved 1048576K
}
Event: 46.401 GC heap before
{Heap before GC invocations=35 (full 7):
 PSYoungGen      total 320000K, used 320000K [0x000000076ab00000, 0x0000000791c80000, 0x00000007c0000000)
  eden space 84480K, 100% used [0x000000076ab00000,0x000000076fd80000,0x000000076fd80000)
  from space 235520K, 100% used [0x000000076fd80000,0x000000077e380000,0x000000077e380000)
  to   space 270848K, 0% used [0x0000000781400000,0x0000000781400000,0x0000000791c80000)
 ParOldGen       total 1083392K, used 909618K [0x00000006c0000000, 0x0000000702200000, 0x000000076ab00000)
  object space 1083392K, 83% used [0x00000006c0000000,0x00000006f784ca18,0x0000000702200000)
 Metaspace       used 8926K, capacity 9276K, committed 9344K, reserved 1056768K
  class space    used 997K, capacity 1115K, committed 1152K, reserved 1048576K
Event: 47.032 GC heap after
Heap after GC invocations=35 (full 7):
 PSYoungGen      total 360448K, used 185760K [0x000000076ab00000, 0x0000000792f80000, 0x00000007c0000000)
  eden space 89600K, 0% used [0x000000076ab00000,0x000000076ab00000,0x0000000770280000)
  from space 270848K, 68% used [0x0000000781400000,0x000000078c968000,0x0000000791c80000)
  to   space 280064K, 0% used [0x0000000770280000,0x0000000770280000,0x0000000781400000)
 ParOldGen       total 1083392K, used 1003674K [0x00000006c0000000, 0x0000000702200000, 0x000000076ab00000)
  object space 1083392K, 92% used [0x00000006c0000000,0x00000006fd426a18,0x0000000702200000)
 Metaspace       used 8926K, capacity 9276K, committed 9344K, reserved 1056768K
  class space    used 997K, capacity 1115K, committed 1152K, reserved 1048576K
}
Event: 47.033 GC heap before
{Heap before GC invocations=36 (full 8):
 PSYoungGen      total 360448K, used 185760K [0x000000076ab00000, 0x0000000792f80000, 0x00000007c0000000)
  eden space 89600K, 0% used [0x000000076ab00000,0x000000076ab00000,0x0000000770280000)
  from space 270848K, 68% used [0x0000000781400000,0x000000078c968000,0x0000000791c80000)
  to   space 280064K, 0% used [0x0000000770280000,0x0000000770280000,0x0000000781400000)
 ParOldGen       total 1083392K, used 1003674K [0x00000006c0000000, 0x0000000702200000, 0x000000076ab00000)
  object space 1083392K, 92% used [0x00000006c0000000,0x00000006fd426a18,0x0000000702200000)
 Metaspace       used 8926K, capacity 9276K, committed 9344K, reserved 1056768K
  class space    used 997K, capacity 1115K, committed 1152K, reserved 1048576K

