# JRE version: OpenJDK Runtime Environment (8.0_272-b10) (build 1.8.0_272-8u272-b10-0ubuntu1~16.04-b10)
# Java VM: OpenJDK 64-Bit Server VM (25.272-b10 mixed mode linux-amd64 compressed oops)
Heap:
 PSYoungGen      total 456704K, used 77235K [0x000000076ab00000, 0x00000007a0500000, 0x00000007c0000000)
  eden space 135168K, 0% used [0x000000076ab00000,0x000000076ab00000,0x0000000772f00000)
  from space 321536K, 24% used [0x0000000772f00000,0x0000000777a6cd28,0x0000000786900000)
  to   space 359424K, 0% used [0x000000078a600000,0x000000078a600000,0x00000007a0500000)
 ParOldGen       total 901120K, used 900807K [0x00000006c0000000, 0x00000006f7000000, 0x000000076ab00000)
  object space 901120K, 99% used [0x00000006c0000000,0x00000006f6fb1db8,0x00000006f7000000)
 Metaspace       used 8938K, capacity 9276K, committed 9344K, reserved 1056768K
  class space    used 997K, capacity 1115K, committed 1152K, reserved 1048576K
GC Heap History (10 events):
Event: 9.376 GC heap after
Heap after GC invocations=20 (full 4):
 PSYoungGen      total 415744K, used 130464K [0x000000076ab00000, 0x0000000793080000, 0x00000007c0000000)
  eden space 171520K, 0% used [0x000000076ab00000,0x000000076ab00000,0x0000000775280000)
  from space 244224K, 53% used [0x0000000784200000,0x000000078c168000,0x0000000793080000)
  to   space 244736K, 0% used [0x0000000775280000,0x0000000775280000,0x0000000784180000)
 ParOldGen       total 600064K, used 558925K [0x00000006c0000000, 0x00000006e4a00000, 0x000000076ab00000)
  object space 600064K, 93% used [0x00000006c0000000,0x00000006e21d34c8,0x00000006e4a00000)
 Metaspace       used 8937K, capacity 9276K, committed 9344K, reserved 1056768K
  class space    used 997K, capacity 1115K, committed 1152K, reserved 1048576K
}
Event: 9.377 GC heap before
{Heap before GC invocations=21 (full 5):
 PSYoungGen      total 415744K, used 130464K [0x000000076ab00000, 0x0000000793080000, 0x00000007c0000000)
  eden space 171520K, 0% used [0x000000076ab00000,0x000000076ab00000,0x0000000775280000)
  from space 244224K, 53% used [0x0000000784200000,0x000000078c168000,0x0000000793080000)
  to   space 244736K, 0% used [0x0000000775280000,0x0000000775280000,0x0000000784180000)
 ParOldGen       total 600064K, used 558925K [0x00000006c0000000, 0x00000006e4a00000, 0x000000076ab00000)
  object space 600064K, 93% used [0x00000006c0000000,0x00000006e21d34c8,0x00000006e4a00000)
 Metaspace       used 8937K, capacity 9276K, committed 9344K, reserved 1056768K
  class space    used 997K, capacity 1115K, committed 1152K, reserved 1048576K
Event: 11.888 GC heap after
Heap after GC invocations=21 (full 5):
 PSYoungGen      total 415744K, used 88768K [0x000000076ab00000, 0x0000000793080000, 0x00000007c0000000)
  eden space 171520K, 0% used [0x000000076ab00000,0x000000076ab00000,0x0000000775280000)
  from space 244224K, 36% used [0x0000000784200000,0x00000007898b0078,0x0000000793080000)
  to   space 244736K, 0% used [0x0000000775280000,0x0000000775280000,0x0000000784180000)
 ParOldGen       total 901120K, used 599963K [0x00000006c0000000, 0x00000006f7000000, 0x000000076ab00000)
  object space 901120K, 66% used [0x00000006c0000000,0x00000006e49e6e80,0x00000006f7000000)
 Metaspace       used 8937K, capacity 9276K, committed 9344K, reserved 1056768K
  class space    used 997K, capacity 1115K, committed 1152K, reserved 1048576K
}
Event: 12.401 GC heap before
{Heap before GC invocations=22 (full 5):
 PSYoungGen      total 415744K, used 260288K [0x000000076ab00000, 0x0000000793080000, 0x00000007c0000000)
  eden space 171520K, 100% used [0x000000076ab00000,0x0000000775280000,0x0000000775280000)
  from space 244224K, 36% used [0x0000000784200000,0x00000007898b0078,0x0000000793080000)
  to   space 244736K, 0% used [0x0000000775280000,0x0000000775280000,0x0000000784180000)
 ParOldGen       total 901120K, used 599963K [0x00000006c0000000, 0x00000006f7000000, 0x000000076ab00000)
  object space 901120K, 66% used [0x00000006c0000000,0x00000006e49e6e80,0x00000006f7000000)
 Metaspace       used 8938K, capacity 9276K, committed 9344K, reserved 1056768K
  class space    used 997K, capacity 1115K, committed 1152K, reserved 1048576K
Event: 12.806 GC heap after
Heap after GC invocations=22 (full 5):
 PSYoungGen      total 416256K, used 176256K [0x000000076ab00000, 0x0000000796580000, 0x00000007c0000000)
  eden space 171520K, 0% used [0x000000076ab00000,0x000000076ab00000,0x0000000775280000)
  from space 244736K, 72% used [0x0000000775280000,0x000000077fea0000,0x0000000784180000)
  to   space 258560K, 0% used [0x0000000786900000,0x0000000786900000,0x0000000796580000)
 ParOldGen       total 901120K, used 599963K [0x00000006c0000000, 0x00000006f7000000, 0x000000076ab00000)
  object space 901120K, 66% used [0x00000006c0000000,0x00000006e49e6e80,0x00000006f7000000)
 Metaspace       used 8938K, capacity 9276K, committed 9344K, reserved 1056768K
  class space    used 997K, capacity 1115K, committed 1152K, reserved 1048576K
}
Event: 13.089 GC heap before
{Heap before GC invocations=23 (full 5):
 PSYoungGen      total 416256K, used 347776K [0x000000076ab00000, 0x0000000796580000, 0x00000007c0000000)
  eden space 171520K, 100% used [0x000000076ab00000,0x0000000775280000,0x0000000775280000)
  from space 244736K, 72% used [0x0000000775280000,0x000000077fea0000,0x0000000784180000)
  to   space 258560K, 0% used [0x0000000786900000,0x0000000786900000,0x0000000796580000)
 ParOldGen       total 901120K, used 690075K [0x00000006c0000000, 0x00000006f7000000, 0x000000076ab00000)
  object space 901120K, 76% used [0x00000006c0000000,0x00000006ea1e6e90,0x00000006f7000000)
 Metaspace       used 8938K, capacity 9276K, committed 9344K, reserved 1056768K
  class space    used 997K, capacity 1115K, committed 1152K, reserved 1048576K
Event: 13.466 GC heap after
Heap after GC invocations=23 (full 5):
 PSYoungGen      total 393728K, used 258528K [0x000000076ab00000, 0x000000079e480000, 0x00000007c0000000)
  eden space 135168K, 0% used [0x000000076ab00000,0x000000076ab00000,0x0000000772f00000)
  from space 258560K, 99% used [0x0000000786900000,0x0000000796578020,0x0000000796580000)
  to   space 321536K, 0% used [0x0000000772f00000,0x0000000772f00000,0x0000000786900000)
 ParOldGen       total 901120K, used 751107K [0x00000006c0000000, 0x00000006f7000000, 0x000000076ab00000)
  object space 901120K, 83% used [0x00000006c0000000,0x00000006edd80e90,0x00000006f7000000)
 Metaspace       used 8938K, capacity 9276K, committed 9344K, reserved 1056768K
  class space    used 997K, capacity 1115K, committed 1152K, reserved 1048576K
}
Event: 13.908 GC heap before
{Heap before GC invocations=24 (full 5):
 PSYoungGen      total 393728K, used 393696K [0x000000076ab00000, 0x000000079e480000, 0x00000007c0000000)
  eden space 135168K, 100% used [0x000000076ab00000,0x0000000772f00000,0x0000000772f00000)
  from space 258560K, 99% used [0x0000000786900000,0x0000000796578020,0x0000000796580000)
  to   space 321536K, 0% used [0x0000000772f00000,0x0000000772f00000,0x0000000786900000)
 ParOldGen       total 901120K, used 751107K [0x00000006c0000000, 0x00000006f7000000, 0x000000076ab00000)
  object space 901120K, 83% used [0x00000006c0000000,0x00000006edd80e90,0x00000006f7000000)
 Metaspace       used 8938K, capacity 9276K, committed 9344K, reserved 1056768K
  class space    used 997K, capacity 1115K, committed 1152K, reserved 1048576K
Event: 14.152 GC heap after
Heap after GC invocations=24 (full 5):
 PSYoungGen      total 456704K, used 283264K [0x000000076ab00000, 0x00000007a0500000, 0x00000007c0000000)
  eden space 135168K, 0% used [0x000000076ab00000,0x000000076ab00000,0x0000000772f00000)
  from space 321536K, 88% used [0x0000000772f00000,0x00000007843a0020,0x0000000786900000)
  to   space 359424K, 0% used [0x000000078a600000,0x000000078a600000,0x00000007a0500000)
 ParOldGen       total 901120K, used 796867K [0x00000006c0000000, 0x00000006f7000000, 0x000000076ab00000)
  object space 901120K, 88% used [0x00000006c0000000,0x00000006f0a30e90,0x00000006f7000000)
 Metaspace       used 8938K, capacity 9276K, committed 9344K, reserved 1056768K
  class space    used 997K, capacity 1115K, committed 1152K, reserved 1048576K
}
Event: 14.152 GC heap before
{Heap before GC invocations=25 (full 6):
 PSYoungGen      total 456704K, used 283264K [0x000000076ab00000, 0x00000007a0500000, 0x00000007c0000000)
  eden space 135168K, 0% used [0x000000076ab00000,0x000000076ab00000,0x0000000772f00000)
  from space 321536K, 88% used [0x0000000772f00000,0x00000007843a0020,0x0000000786900000)
  to   space 359424K, 0% used [0x000000078a600000,0x000000078a600000,0x00000007a0500000)
 ParOldGen       total 901120K, used 796867K [0x00000006c0000000, 0x00000006f7000000, 0x000000076ab00000)
  object space 901120K, 88% used [0x00000006c0000000,0x00000006f0a30e90,0x00000006f7000000)
 Metaspace       used 8938K, capacity 9276K, committed 9344K, reserved 1056768K
  class space    used 997K, capacity 1115K, committed 1152K, reserved 1048576K

